{"name":"test001","id":"uk.gov.metoffice.teststeps.TestSteps:test001","testCaseName":"uk.gov.metoffice.teststeps.TestSteps","testSteps":[{"number":1,"description":"Get the all data ","duration":3698,"startTime":"2021-11-07T13:11:03.275Z[Europe/London]","result":"SUCCESS","precondition":false,"children":[{"number":2,"description":"GET http://datapoint.metoffice.gov.uk/services/data/datapoint\r\r","duration":2,"startTime":"2021-11-07T13:11:06.957Z[Europe/London]","result":"SUCCESS","restQuery":{"method":"GET","path":"http://datapoint.metoffice.gov.uk/services/data/datapoint\r\r","content":"\r","contentType":"application/json","requestHeaders":"Accept\u003dapplication/json\r\n\t\t\t\tContent-Type\u003dapplication/json; charset\u003dUTF-8\r\r","requestCookies":"\r\r","responseHeaders":"Server: Apache-Coyote/1.1\nContent-Length: 0\nWebServer: -PROD-01\nStrict-Transport-Security: max-age\u003d157680000\nDate: Sun, 07 Nov 2021 13:11:06 GMT\nConnection: keep-alive\r","responseCookies":"\r","statusCode":403},"precondition":false}]}],"userStory":{"id":"uk.gov.metoffice.teststeps.TestSteps","storyName":"Test steps","storyClassName":"uk.gov.metoffice.teststeps.TestSteps","path":"uk.gov.metoffice.teststeps","type":"story"},"featureTag":{"name":"Teststeps/Test steps","type":"story"},"title":"This will get all Data","tags":[{"name":"Teststeps/Test steps","type":"story"}],"startTime":"2021-11-07T13:11:03.160Z[Europe/London]","duration":3867,"testFailureCause":{"errorType":"java.lang.AssertionError","message":"1 expectation failed.\nExpected status code \u003c200\u003e but was \u003c403\u003e.\n","stackTrace":[{"declaringClass":"io.restassured.internal.ResponseSpecificationImpl","methodName":"validateResponseIfRequired","fileName":"ResponseSpecificationImpl.groovy","lineNumber":636},{"declaringClass":"io.restassured.internal.ResponseSpecificationImpl","methodName":"statusCode","fileName":"ResponseSpecificationImpl.groovy","lineNumber":122},{"declaringClass":"io.restassured.internal.ResponseSpecificationImpl","methodName":"statusCode","fileName":"ResponseSpecificationImpl.groovy","lineNumber":130},{"declaringClass":"io.restassured.internal.ValidatableResponseOptionsImpl","methodName":"statusCode","fileName":"ValidatableResponseOptionsImpl.java","lineNumber":117},{"declaringClass":"uk.gov.metoffice.teststeps.TestSteps","methodName":"test001","fileName":"TestSteps.java","lineNumber":20}]},"testFailureClassname":"java.lang.AssertionError","testFailureMessage":"1 expectation failed.\nExpected status code \u003c200\u003e but was \u003c403\u003e.\n","testFailureSummary":"FAILURE;java.lang.AssertionError;1 expectation failed.\nExpected status code \u003c200\u003e but was \u003c403\u003e.\n;ResponseSpecificationImpl.groovy","projectKey":"","annotatedResult":"FAILURE","manual":false,"testSource":"JUnit","result":"FAILURE"}