<?xml version="1.0" encoding="UTF-8"?><testsuite errors="0" failures="0" name="uk.gov.metoffice.teststeps.TestSteps" skipped="0" tests="3" time="4.57" timestamp="2021-11-08T17:21:42.411Z[Europe/London]"><testcase classname="uk.gov.metoffice.teststeps.TestSteps" name="This will get the Location ID for ‘Croydon"/><testcase classname="uk.gov.metoffice.teststeps.TestSteps" name="This will Daily Data Data"/><testcase classname="uk.gov.metoffice.teststeps.TestSteps" name="This will get three hourly Data"/></testsuite>