<?xml version="1.0" encoding="UTF-8"?><testsuite errors="0" failures="1" name="uk.gov.metoffice.teststeps.TestSteps" skipped="0" tests="3" time="5.18" timestamp="2021-11-07T13:11:03.160Z[Europe/London]"><testcase classname="uk.gov.metoffice.teststeps.TestSteps" name="This will get all Data"><failure message="1 expectation failed.&#10;Expected status code &lt;200&gt; but was &lt;403&gt;.&#10;" type="java.lang.AssertionError">1 expectation failed.
Expected status code &lt;200&gt; but was &lt;403&gt;.
</failure><system-err>1 expectation failed.
Expected status code &lt;200&gt; but was &lt;403&gt;.
&#13;
io.restassured.internal.ResponseSpecificationImpl.validateResponseIfRequired(ResponseSpecificationImpl.groovy:636)&#13;
io.restassured.internal.ResponseSpecificationImpl.statusCode(ResponseSpecificationImpl.groovy:122)&#13;
io.restassured.internal.ResponseSpecificationImpl.statusCode(ResponseSpecificationImpl.groovy:130)&#13;
io.restassured.internal.ValidatableResponseOptionsImpl.statusCode(ValidatableResponseOptionsImpl.java:117)&#13;
uk.gov.metoffice.teststeps.TestSteps.test001(TestSteps.java:20)&#13;
</system-err></testcase><testcase classname="uk.gov.metoffice.teststeps.TestSteps" name="This will get all Data"/><testcase classname="uk.gov.metoffice.teststeps.TestSteps" name="This will get all Data"/></testsuite>